2017-01-10 00:36:50 EET LOG:  could not receive data from client: An existing connection was forcibly closed by the remote host.
	
2017-01-10 00:36:50 EET LOG:  could not receive data from client: An existing connection was forcibly closed by the remote host.
	
2017-01-10 18:40:04 EET ERROR:  syntax error at or near "ON" at character 22
2017-01-10 18:40:04 EET STATEMENT:  DROP INDEX numberone ON alicante_1y;
2017-01-10 18:40:11 EET ERROR:  syntax error at or near "ON" at character 22
2017-01-10 18:40:11 EET STATEMENT:  DROP INDEX numberone ON alicante_1y;
2017-01-10 18:40:15 EET ERROR:  syntax error at or near "ON" at character 22
2017-01-10 18:40:15 EET STATEMENT:  DROP INDEX numberone ON alicante_1y;
2017-01-10 18:41:06 EET ERROR:  syntax error at or near "using" at character 24
2017-01-10 18:41:06 EET STATEMENT:  CREATE INDEX numberone using hash ON alicante_1y(t,consumption);
	
2017-01-10 18:41:25 EET ERROR:  syntax error at or near "using" at character 55
2017-01-10 18:41:25 EET STATEMENT:  CREATE INDEX numberone ON alicante_1y(t,consumption)  using hash;
2017-01-10 18:41:57 EET WARNING:  hash indexes are not WAL-logged and their use is discouraged
2017-01-10 18:41:57 EET ERROR:  access method "hash" does not support multicolumn indexes
2017-01-10 18:41:57 EET STATEMENT:  CREATE INDEX numberone ON alicante_1y using hash (t,consumption);
2017-01-10 18:42:26 EET ERROR:  index "numberone" does not exist
2017-01-10 18:42:26 EET STATEMENT:  DROP INDEX numberone;
2017-01-10 18:42:37 EET ERROR:  syntax error at or near "hash" at character 6
2017-01-10 18:42:37 EET STATEMENT:  DROP hash INDEX numberone;
2017-01-10 18:43:30 EET ERROR:  syntax error at or near "using" at character 22
2017-01-10 18:43:30 EET STATEMENT:  DROP INDEX numberone using hash;
2017-01-10 18:44:15 EET ERROR:  syntax error at or near "hash" at character 6
2017-01-10 18:44:15 EET STATEMENT:  DROP hash INDEX numberone;
2017-01-10 18:44:34 EET ERROR:  syntax error at or near "hash" at character 6
2017-01-10 18:44:34 EET STATEMENT:  DROP hash INDEX postgres numberone;
2017-01-10 18:45:53 EET ERROR:  index "numberone" does not exist
2017-01-10 18:45:53 EET STATEMENT:  DROP INDEX numberone;
2017-01-10 18:46:03 EET ERROR:  syntax error at or near "numberone" at character 17
2017-01-10 18:46:03 EET STATEMENT:  DROP INDEX hash numberone;
2017-01-10 18:52:55 EET ERROR:  syntax error at or near "from" at character 43
2017-01-10 18:52:55 EET STATEMENT:  CREATE INDEX numbertwo ON alicante_1y(dow from t::timestamp);
2017-01-10 18:54:03 EET ERROR:  syntax error at or near "from" at character 43
2017-01-10 18:54:03 EET STATEMENT:  CREATE INDEX numbertwo ON alicante_1y(dow from t::timestamp)=0;
	
2017-01-10 18:54:21 EET ERROR:  column "dow" does not exist
2017-01-10 18:54:21 EET STATEMENT:  CREATE INDEX numbertwo ON alicante_1y(dow);
2017-01-10 18:55:13 EET ERROR:  syntax error at or near "::" at character 40
2017-01-10 18:55:13 EET STATEMENT:  CREATE INDEX numbertwo ON alicante_1y(t::timestamp);
2017-01-10 18:58:21 EET ERROR:  syntax error at or near ";" at character 72
2017-01-10 18:58:21 EET STATEMENT:  CREATE INDEX numbertwo ON alicante_1y  (extract (dow from t::timestamp);
	
2017-01-10 18:58:30 EET ERROR:  syntax error at or near ";" at character 71
2017-01-10 18:58:30 EET STATEMENT:  CREATE INDEX numbertwo ON alicante_1y (extract (dow from t::timestamp);
	
2017-01-10 18:59:00 EET ERROR:  syntax error at or near "extract" at character 39
2017-01-10 18:59:00 EET STATEMENT:  CREATE INDEX numbertwo ON alicante_1y extract (dow from t::timestamp);
	
2017-01-10 18:59:09 EET ERROR:  functions in index expression must be marked IMMUTABLE
2017-01-10 18:59:09 EET STATEMENT:  CREATE INDEX numbertwo ON alicante_1y (extract (dow from t::timestamp));
	
2017-01-10 19:02:12 EET ERROR:  syntax error at or near "from" at character 47
2017-01-10 19:02:12 EET STATEMENT:  CREATE INDEX numberthree ON alicante_1y ((dow from t::timestamp));
2017-01-10 19:02:32 EET ERROR:  functions in index expression must be marked IMMUTABLE
2017-01-10 19:02:32 EET STATEMENT:  CREATE INDEX numberthree ON alicante_1y (extract (dow from t::timestamp));
	
2017-01-10 19:02:48 EET ERROR:  functions in index expression must be marked IMMUTABLE
2017-01-10 19:02:48 EET STATEMENT:  CREATE INDEX numberthree ON alicante_1y ((extract (dow from t::timestamp)));
	
2017-01-10 19:03:11 EET ERROR:  column "dow" does not exist at character 43
2017-01-10 19:03:11 EET STATEMENT:  CREATE INDEX numberthree ON alicante_1y ((dow));
	
2017-01-10 19:03:21 EET ERROR:  functions in index expression must be marked IMMUTABLE
2017-01-10 19:03:21 EET STATEMENT:  CREATE INDEX numberthree ON alicante_1y ((t::timestamp));
	
2017-01-10 19:04:41 EET ERROR:  functions in index expression must be marked IMMUTABLE
2017-01-10 19:04:41 EET STATEMENT:  CREATE INDEX numberthree ON alicante_1y (date_part('year', t), date_part('month', t));
	
2017-01-10 19:04:52 EET ERROR:  syntax error at or near "," at character 63
2017-01-10 19:04:52 EET STATEMENT:  CREATE INDEX numberthree ON alicante_1y ((date_part('year', t), date_part('month', t)));
	
2017-01-10 19:05:03 EET ERROR:  functions in index expression must be marked IMMUTABLE
2017-01-10 19:05:03 EET STATEMENT:  CREATE INDEX numberthree ON alicante_1y (date_part('year', t), date_part('month', t));
	
2017-01-10 19:16:32 EET LOG:  could not receive data from client: An existing connection was forcibly closed by the remote host.
	
2017-01-10 19:16:32 EET LOG:  could not receive data from client: An existing connection was forcibly closed by the remote host.
	
2017-01-10 19:18:46 EET ERROR:  column "costumer" does not exist
2017-01-10 19:18:46 EET STATEMENT:  create index numberthree on alicante_1y(costumer,t);
2017-01-10 19:18:53 EET ERROR:  relation "numberthree" already exists
2017-01-10 19:18:53 EET STATEMENT:  create index numberthree on alicante_1y(customer,t);
2017-01-10 19:23:34 EET ERROR:  syntax error at or near "WITH" at character 96
2017-01-10 19:23:34 EET STATEMENT:  select customer ,date_part('month', t), date_part('year', t),sum(consumption)
	from alicante_1y WITH(INDEX(numberthree))
	group by customer, date_part('year', t), date_part('month', t);
2017-01-10 19:23:42 EET ERROR:  syntax error at or near "WITH" at character 96
2017-01-10 19:23:42 EET STATEMENT:  select customer ,date_part('month', t), date_part('year', t),sum(consumption)
	from alicante_1y WITH (INDEX(numberthree))
	group by customer, date_part('year', t), date_part('month', t);
2017-01-10 19:23:56 EET ERROR:  syntax error at or near "WITH" at character 160
2017-01-10 19:23:56 EET STATEMENT:  select customer ,date_part('month', t), date_part('year', t),sum(consumption)
	from alicante_1y 
	group by customer, date_part('year', t), date_part('month', t)
	WITH (INDEX(numberthree));
2017-01-10 19:24:22 EET ERROR:  syntax error at or near "WITH" at character 160
2017-01-10 19:24:22 EET STATEMENT:  select customer ,date_part('month', t), date_part('year', t),sum(consumption)
	from alicante_1y 
	group by customer, date_part('year', t), date_part('month', t)
	WITH (INDEX(numberthree));
2017-01-10 19:34:02 EET ERROR:  column "datepart" does not exist
2017-01-10 19:34:02 EET STATEMENT:  create index numberthree1 on alicante_1y(datepart);
	
2017-01-10 19:34:12 EET ERROR:  column "datepart" does not exist at character 43
2017-01-10 19:34:12 EET STATEMENT:  create index numberthree1 on alicante_1y((datepart));
	
2017-01-10 19:34:25 EET ERROR:  syntax error at or near ";" at character 54
2017-01-10 19:34:25 EET STATEMENT:  create index numberthree1 on alicante_1y((datepart());
	
2017-01-10 19:34:44 EET ERROR:  syntax error at or near "date_part" at character 42
2017-01-10 19:34:44 EET STATEMENT:  create index numberthree1 on alicante_1y date_part('month', t);
	
2017-01-10 19:34:49 EET ERROR:  syntax error at or near "date_part" at character 42
2017-01-10 19:34:49 EET STATEMENT:  create index numberthree1 on alicante_1y date_part('month', t);
	
2017-01-10 19:35:00 EET ERROR:  functions in index expression must be marked IMMUTABLE
2017-01-10 19:35:00 EET STATEMENT:  create index numberthree1 on alicante_1y (date_part('month', t));
	
2017-01-10 19:35:06 EET ERROR:  functions in index expression must be marked IMMUTABLE
2017-01-10 19:35:06 EET STATEMENT:  create index numberthree1 on alicante_1y (date_part('month', t));
	
2017-01-10 19:37:55 EET ERROR:  syntax error at or near "using" at character 50
2017-01-10 19:37:55 EET STATEMENT:  create index numberfour on alicante_1y(customer) using hash ;
	
2017-01-10 19:38:11 EET WARNING:  hash indexes are not WAL-logged and their use is discouraged
2017-01-10 19:43:44 EET LOG:  could not receive data from client: An existing connection was forcibly closed by the remote host.
	
2017-01-10 19:43:44 EET LOG:  could not receive data from client: An existing connection was forcibly closed by the remote host.
	
