2017-03-13 21:52:37 EET FATAL:  the database system is starting up
2017-03-13 21:52:37 EET LOG:  database system was interrupted; last known up at 2017-03-13 21:50:31 EET
2017-03-13 21:52:38 EET FATAL:  the database system is starting up
2017-03-13 21:52:39 EET FATAL:  the database system is starting up
2017-03-13 21:52:40 EET FATAL:  the database system is starting up
2017-03-13 21:52:41 EET FATAL:  the database system is starting up
2017-03-13 21:53:12 EET FATAL:  the database system is starting up
2017-03-13 21:53:13 EET FATAL:  the database system is starting up
2017-03-13 21:53:14 EET FATAL:  the database system is starting up
2017-03-13 21:53:15 EET FATAL:  the database system is starting up
2017-03-13 21:53:16 EET FATAL:  the database system is starting up
2017-03-13 21:53:17 EET FATAL:  the database system is starting up
2017-03-13 21:53:18 EET FATAL:  the database system is starting up
2017-03-13 21:53:19 EET FATAL:  the database system is starting up
2017-03-13 21:53:20 EET FATAL:  the database system is starting up
2017-03-13 21:53:21 EET FATAL:  the database system is starting up
2017-03-13 21:53:23 EET FATAL:  the database system is starting up
2017-03-13 21:53:24 EET FATAL:  the database system is starting up
2017-03-13 21:53:25 EET FATAL:  the database system is starting up
2017-03-13 21:53:26 EET FATAL:  the database system is starting up
2017-03-13 21:53:27 EET FATAL:  the database system is starting up
2017-03-13 21:53:28 EET FATAL:  the database system is starting up
2017-03-13 21:53:29 EET FATAL:  the database system is starting up
2017-03-13 21:53:30 EET FATAL:  the database system is starting up
2017-03-13 21:53:31 EET FATAL:  the database system is starting up
2017-03-13 21:53:32 EET FATAL:  the database system is starting up
2017-03-13 21:53:34 EET FATAL:  the database system is starting up
2017-03-13 21:53:35 EET FATAL:  the database system is starting up
2017-03-13 21:53:36 EET FATAL:  the database system is starting up
2017-03-13 21:53:37 EET FATAL:  the database system is starting up
2017-03-13 21:53:38 EET FATAL:  the database system is starting up
2017-03-13 21:53:40 EET FATAL:  the database system is starting up
2017-03-13 21:53:41 EET FATAL:  the database system is starting up
2017-03-13 21:53:42 EET FATAL:  the database system is starting up
2017-03-13 21:53:43 EET FATAL:  the database system is starting up
2017-03-13 21:53:44 EET FATAL:  the database system is starting up
2017-03-13 21:53:45 EET FATAL:  the database system is starting up
2017-03-13 21:53:46 EET FATAL:  the database system is starting up
2017-03-13 21:53:47 EET FATAL:  the database system is starting up
2017-03-13 21:53:48 EET FATAL:  the database system is starting up
2017-03-13 21:53:49 EET FATAL:  the database system is starting up
2017-03-13 21:53:50 EET FATAL:  the database system is starting up
2017-03-13 21:53:51 EET FATAL:  the database system is starting up
2017-03-13 21:53:52 EET FATAL:  the database system is starting up
2017-03-13 21:53:53 EET FATAL:  the database system is starting up
2017-03-13 21:53:55 EET FATAL:  the database system is starting up
2017-03-13 21:53:56 EET FATAL:  the database system is starting up
2017-03-13 21:53:57 EET FATAL:  the database system is starting up
2017-03-13 21:53:58 EET FATAL:  the database system is starting up
2017-03-13 21:53:59 EET FATAL:  the database system is starting up
2017-03-13 21:54:00 EET FATAL:  the database system is starting up
2017-03-13 21:54:01 EET FATAL:  the database system is starting up
2017-03-13 21:54:02 EET FATAL:  the database system is starting up
2017-03-13 21:54:03 EET FATAL:  the database system is starting up
2017-03-13 21:54:11 EET LOG:  database system was not properly shut down; automatic recovery in progress
2017-03-13 21:54:12 EET LOG:  invalid record length at 0/BB726B28: wanted 24, got 0
2017-03-13 21:54:12 EET LOG:  redo is not required
2017-03-13 21:54:12 EET LOG:  MultiXact member wraparound protections are now enabled
2017-03-13 21:54:12 EET LOG:  database system is ready to accept connections
2017-03-13 21:54:12 EET LOG:  autovacuum launcher started
