2017-01-08 12:19:51 EET FATAL:  the database system is starting up
2017-01-08 12:19:51 EET LOG:  database system was interrupted; last known up at 2016-12-30 23:16:21 EET
2017-01-08 12:19:52 EET FATAL:  the database system is starting up
2017-01-08 12:19:54 EET FATAL:  the database system is starting up
2017-01-08 12:19:55 EET FATAL:  the database system is starting up
2017-01-08 12:19:56 EET FATAL:  the database system is starting up
2017-01-08 12:19:57 EET FATAL:  the database system is starting up
2017-01-08 12:19:58 EET FATAL:  the database system is starting up
2017-01-08 12:19:59 EET FATAL:  the database system is starting up
2017-01-08 12:20:00 EET FATAL:  the database system is starting up
2017-01-08 12:20:01 EET FATAL:  the database system is starting up
2017-01-08 12:20:02 EET FATAL:  the database system is starting up
2017-01-08 12:20:03 EET FATAL:  the database system is starting up
2017-01-08 12:20:04 EET FATAL:  the database system is starting up
2017-01-08 12:20:05 EET FATAL:  the database system is starting up
2017-01-08 12:20:06 EET FATAL:  the database system is starting up
2017-01-08 12:20:07 EET FATAL:  the database system is starting up
2017-01-08 12:20:08 EET FATAL:  the database system is starting up
2017-01-08 12:20:09 EET FATAL:  the database system is starting up
2017-01-08 12:20:10 EET FATAL:  the database system is starting up
2017-01-08 12:20:11 EET FATAL:  the database system is starting up
2017-01-08 12:20:12 EET FATAL:  the database system is starting up
2017-01-08 12:20:13 EET FATAL:  the database system is starting up
2017-01-08 12:20:14 EET FATAL:  the database system is starting up
2017-01-08 12:20:15 EET FATAL:  the database system is starting up
2017-01-08 12:20:16 EET FATAL:  the database system is starting up
2017-01-08 12:20:17 EET FATAL:  the database system is starting up
2017-01-08 12:20:18 EET FATAL:  the database system is starting up
2017-01-08 12:20:19 EET LOG:  database system was not properly shut down; automatic recovery in progress
2017-01-08 12:20:19 EET LOG:  invalid record length at 0/691411B0: wanted 24, got 0
2017-01-08 12:20:19 EET LOG:  redo is not required
2017-01-08 12:20:19 EET LOG:  MultiXact member wraparound protections are now enabled
2017-01-08 12:20:19 EET LOG:  database system is ready to accept connections
2017-01-08 12:20:19 EET LOG:  autovacuum launcher started
2017-01-08 14:39:47 EET LOG:  could not receive data from client: An existing connection was forcibly closed by the remote host.
	
2017-01-08 14:39:47 EET LOG:  could not receive data from client: An existing connection was forcibly closed by the remote host.
	
2017-01-08 14:40:04 EET LOG:  received fast shutdown request
2017-01-08 14:40:04 EET LOG:  aborting any active transactions
2017-01-08 14:40:04 EET LOG:  autovacuum launcher shutting down
2017-01-08 14:40:04 EET ERROR:  canceling statement due to user request
2017-01-08 14:40:04 EET LOG:  autovacuum launcher shutting down
2017-01-08 14:40:04 EET LOG:  shutting down
2017-01-08 14:40:05 EET LOG:  database system is shut down
