2016-12-27 20:21:23 EET LOG:  database system was shut down at 2016-12-27 20:20:35 EET
2016-12-27 20:21:23 EET LOG:  MultiXact member wraparound protections are now enabled
2016-12-27 20:21:23 EET LOG:  database system is ready to accept connections
2016-12-27 20:21:23 EET LOG:  autovacuum launcher started
2016-12-27 20:27:54 EET ERROR:  column "waiting" does not exist at character 180
2016-12-27 20:27:54 EET STATEMENT:  SELECT
	    pid,
	    datname,
	    usename,
	    application_name,
	    client_addr,
	    to_char(backend_start, 'YYYY-MM-DD HH24:MM:SS TZ') AS backend_start,
	    state,
	    CASE WHEN waiting THEN 'yes' ELSE 'no' END AS waiting
	FROM
	    pg_stat_activity
	ORDER BY pid
2016-12-27 20:38:30 EET ERROR:  canceling statement due to user request
2016-12-27 20:38:30 EET CONTEXT:  COPY alicante_1y, line 419001
2016-12-27 20:38:30 EET STATEMENT:  copy alicante_1y(customer, t ,consumption) from 'C:\temp\alicante_1y.txt' with CSV HEADER;
2016-12-27 20:40:52 EET LOG:  could not receive data from client: An existing connection was forcibly closed by the remote host.
	
2016-12-27 20:40:52 EET LOG:  could not receive data from client: An existing connection was forcibly closed by the remote host.
	
2016-12-27 20:40:52 EET LOG:  could not send data to client: An existing connection was forcibly closed by the remote host.
	
2016-12-27 20:40:52 EET STATEMENT:  SELECT * FROM public.alicante_1y
	
2016-12-27 20:40:52 EET FATAL:  connection to client lost
2016-12-27 20:40:52 EET STATEMENT:  SELECT * FROM public.alicante_1y
	
2016-12-27 21:47:25 EET WARNING:  hash indexes are not WAL-logged and their use is discouraged
2016-12-27 21:51:42 EET WARNING:  hash indexes are not WAL-logged and their use is discouraged
2016-12-27 21:58:16 EET LOG:  could not receive data from client: An existing connection was forcibly closed by the remote host.
	
2016-12-27 21:58:16 EET LOG:  could not receive data from client: An existing connection was forcibly closed by the remote host.
	
