2017-01-13 00:10:00 EET LOG:  database system was interrupted; last known up at 2017-01-12 09:21:48 EET
2017-01-13 00:10:01 EET FATAL:  the database system is starting up
2017-01-13 00:10:02 EET FATAL:  the database system is starting up
2017-01-13 00:10:03 EET FATAL:  the database system is starting up
2017-01-13 00:10:04 EET FATAL:  the database system is starting up
2017-01-13 00:10:05 EET FATAL:  the database system is starting up
2017-01-13 00:10:06 EET FATAL:  the database system is starting up
2017-01-13 00:10:07 EET FATAL:  the database system is starting up
2017-01-13 00:10:08 EET FATAL:  the database system is starting up
2017-01-13 00:10:09 EET FATAL:  the database system is starting up
2017-01-13 00:10:10 EET FATAL:  the database system is starting up
2017-01-13 00:10:11 EET FATAL:  the database system is starting up
2017-01-13 00:10:12 EET FATAL:  the database system is starting up
2017-01-13 00:10:13 EET FATAL:  the database system is starting up
2017-01-13 00:10:14 EET FATAL:  the database system is starting up
2017-01-13 00:10:15 EET FATAL:  the database system is starting up
2017-01-13 00:10:16 EET FATAL:  the database system is starting up
2017-01-13 00:10:17 EET FATAL:  the database system is starting up
2017-01-13 00:10:18 EET FATAL:  the database system is starting up
2017-01-13 00:10:19 EET FATAL:  the database system is starting up
2017-01-13 00:10:20 EET FATAL:  the database system is starting up
2017-01-13 00:10:21 EET FATAL:  the database system is starting up
2017-01-13 00:10:22 EET FATAL:  the database system is starting up
2017-01-13 00:10:23 EET FATAL:  the database system is starting up
2017-01-13 00:10:24 EET LOG:  database system was not properly shut down; automatic recovery in progress
2017-01-13 00:10:24 EET FATAL:  the database system is starting up
2017-01-13 00:10:25 EET LOG:  invalid record length at 0/7C265C00: wanted 24, got 0
2017-01-13 00:10:25 EET LOG:  redo is not required
2017-01-13 00:10:26 EET FATAL:  the database system is starting up
2017-01-13 00:10:27 EET FATAL:  the database system is starting up
2017-01-13 00:10:27 EET LOG:  MultiXact member wraparound protections are now enabled
2017-01-13 00:10:27 EET LOG:  database system is ready to accept connections
2017-01-13 00:10:27 EET LOG:  autovacuum launcher started
