2017-01-27 01:45:35 EET ERROR:  syntax error at or near "desc" at character 36
2017-01-27 01:45:35 EET STATEMENT:  select * from alicante_1y limit 10 desc;
	
	
2017-01-27 01:46:00 EET ERROR:  syntax error at or near "asc" at character 36
2017-01-27 01:46:00 EET STATEMENT:  select * from alicante_1y limit 10 asc ;
	
	
2017-01-27 01:46:08 EET ERROR:  syntax error at or near "order" at character 36
2017-01-27 01:46:08 EET STATEMENT:  select * from alicante_1y limit 10 order by asc ;
	
	
2017-01-27 01:46:32 EET ERROR:  syntax error at or near "order" at character 36
2017-01-27 01:46:32 EET STATEMENT:  select * from alicante_1y limit 10 order by t asc ;
	
	
2017-01-27 01:47:30 EET ERROR:  relation "alicante_1y_parent" does not exist
2017-01-27 01:47:30 EET STATEMENT:  create table alicante_1y_m1(check ( t>= date ' 2013-07-01' AND t< date ' 2013-08-01'))
	inherits (alicante_1y_parent);
	create table alicante_1y_m2(check ( t>= date ' 2013-08-01' AND t< date ' 2013-09-01'))
	inherits (alicante_1y_parent);
	create table alicante_1y_m3(check ( t>= date ' 2013-09-01' AND t< date ' 2013-10-01'))
	inherits (alicante_1y_parent);
	create table alicante_1y_m4(check ( t>= date ' 2013-10-01' AND t< date ' 2013-11-01'))
	inherits (alicante_1y_parent);
	create table alicante_1y_m5(check ( t>= date ' 2013-11-01' AND t< date ' 2013-12-01'))
	inherits (alicante_1y_parent);
	create table alicante_1y_m6(check ( t>= date ' 2013-12-01' AND t< date ' 2014-01-01'))
	inherits (alicante_1y_parent);
	create table alicante_1y_m7(check ( t>= date ' 2014-01-01' AND t< date ' 2014-02-01'))
	inherits (alicante_1y_parent);
	create table alicante_1y_m8(check ( t>= date ' 2014-02-01' AND t< date ' 2014-03-01'))
	inherits (alicante_1y_parent);
	create table alicante_1y_m9(check ( t>= date ' 2014-03-01' AND t< date ' 2014-04-01'))
	inherits (alicante_1y_parent);
	create table alicante_1y_m10(check ( t>= date ' 2014-04-01' AND t< date ' 2014-05-01'))
	inherits (alicante_1y_parent);
	create table alicante_1y_m11(check ( t>= date ' 2014-05-01' AND t< date ' 2014-06-01'))
	inherits (alicante_1y_parent);
	create table alicante_1y_m12(check ( t>= date ' 2014-06-01' AND t< date ' 2014-07-01'))
	inherits (alicante_1y_parent);
	
2017-01-27 01:52:46 EET ERROR:  canceling statement due to user request
2017-01-27 01:52:46 EET STATEMENT:  INSERT INTO alicante_1y_m1 (customer,t,consumption)
	SELECT customer,t,consumption
	FROM alicante_1y
	WHERE  t>= date ' 2013-07-01' AND t< date ' 2013-08-01';
	INSERT INTO alicante_1y_m2 (customer,t,consumption)
	SELECT customer,t,consumption
	FROM alicante_1y
	WHERE  t>= date ' 2013-08-01' AND t< date ' 2013-09-01';
	INSERT INTO alicante_1y_m3 (customer,t,consumption)
	SELECT customer,t,consumption
	FROM alicante_1y
	WHERE  t>= date ' 2013-09-01' AND t< date ' 2013-10-01';
	INSERT INTO alicante_1y_m4(customer,t,consumption)
	SELECT customer,t,consumption
	FROM alicante_1y
	WHERE  t>= date ' 2013-10-01' AND t< date ' 2013-11-01';
	INSERT INTO alicante_1y_m5 (customer,t,consumption)
	SELECT customer,t,consumption
	FROM alicante_1y
	WHERE  t>= date ' 2013-11-01' AND t< date ' 2013-12-01';
	INSERT INTO alicante_1y_m6 (customer,t,consumption)
	SELECT customer,t,consumption
	FROM alicante_1y
	WHERE t>= date ' 2013-12-01' AND t< date ' 2014-01-01';
	INSERT INTO alicante_1y_m7 (customer,t,consumption)
	SELECT customer,t,consumption
	FROM alicante_1y
	WHERE   t>= date ' 2014-01-01' AND t< date ' 2014-02-01';
	INSERT INTO alicante_1y_m8 (customer,t,consumption)
	SELECT customer,t,consumption
	FROM alicante_1y
	WHERE t>= date ' 2014-02-01' AND t< date ' 2014-03-01';
	INSERT INTO alicante_1y_m9 (customer,t,consumption)
	SELECT customer,t,consumption
	FROM alicante_1y
	WHERE t>= date ' 2014-03-01' AND t< date ' 2014-04-01';
	INSERT INTO alicante_1y_m10 (customer,t,consumption)
	SELECT customer,t,consumption
	FROM alicante_1y
	WHERE  t>= date ' 2014-04-01' AND t< date ' 2014-05-01';
	INSERT INTO alicante_1y_m11 (customer,t,consumption)
	SELECT customer,t,consumption
	FROM alicante_1y
	WHERE  t>= date ' 2014-05-01' AND t< date ' 2014-06-01';
	INSERT INTO alicante_1y_m12 (customer,t,consumption)
	SELECT customer,t,consumption
	FROM alicante_1y
	WHERE  t>= date ' 2014-06-01' AND t< date ' 2014-07-01';
	
	
2017-01-27 02:05:27 EET LOG:  could not receive data from client: An existing connection was forcibly closed by the remote host.
	
2017-01-27 02:05:27 EET LOG:  could not receive data from client: An existing connection was forcibly closed by the remote host.
	
2017-01-27 23:04:44 EET ERROR:  syntax error at or near "inherits" at character 1481
2017-01-27 23:04:44 EET STATEMENT:  create table alicante_1y_m1(check ( t>= date ' 2013-07-01' AND t< date ' 2013-08-01'))
	inherits (alicante_1y_parent);
	create table alicante_1y_m2(check ( t>= date ' 2013-08-01' AND t< date ' 2013-09-01'))
	inherits (alicante_1y_parent);
	create table alicante_1y_m3(check ( t>= date ' 2013-09-01' AND t< date ' 2013-10-01'))
	inherits (alicante_1y_parent);
	create table alicante_1y_m4(check ( t>= date ' 2013-10-01' AND t< date ' 2013-11-01'))
	inherits (alicante_1y_parent);
	create table alicante_1y_m5(check ( t>= date ' 2013-11-01' AND t< date ' 2013-12-01'))
	inherits (alicante_1y_parent);
	create table alicante_1y_m6(check ( t>= date ' 2013-12-01' AND t< date ' 2014-01-01'))
	inherits (alicante_1y_parent);
	create table alicante_1y_m7(check ( t>= date ' 2014-01-01' AND t< date ' 2014-02-01'))
	inherits (alicante_1y_parent);
	create table alicante_1y_m8(check ( t>= date ' 2014-02-01' AND t< date ' 2014-03-01'))
	inherits (alicante_1y_parent);
	create table alicante_1y_m9(check ( t>= date ' 2014-03-01' AND t< date ' 2014-04-01'))
	inherits (alicante_1y_parent);
	create table alicante_1y_m10(check ( t>= date ' 2014-04-01' AND t< date ' 2014-05-01'))
	inherits (alicante_1y_parent);
	create table alicante_1y_m11(check ( t>= date ' 2014-05-01' AND t< date ' 2014-06-01'))
	inherits (alicante_1y_parent);
	create table alicante_1y_m12(check ( t>= date ' 2014-06-01' AND t< date ' 2014-07-01'))
	inherits (alicante_1y_parent);
	create table alicante_1y_m13(check ( t>= date ' 2014-07-01')
	inherits (alicante_1y_parent);
2017-01-27 23:05:18 EET ERROR:  syntax error at or near "inherits" at character 62
2017-01-27 23:05:18 EET STATEMENT:  create table alicante_1y_m13(check ( t>= date ' 2014-07-01')
	inherits (alicante_1y_parent);
2017-01-27 23:06:11 EET ERROR:  syntax error at or near "inherits" at character 87
2017-01-27 23:06:11 EET STATEMENT:  create table alicante_1y_m13(check ( t>= date ' 2014-07-01' AND t< date '2014-08-01')
	inherits (alicante_1y_parent);
2017-01-27 23:06:52 EET ERROR:  syntax error at or near "inherits" at character 61
2017-01-27 23:06:52 EET STATEMENT:  create table alicante_1y_m13(check ( t= date ' 2014-07-01')
	inherits (alicante_1y_parent);
2017-01-27 23:13:23 EET ERROR:  unrecognized configuration parameter "max_parallel_worker_per_gather"
2017-01-27 23:13:23 EET STATEMENT:  set max_parallel_worker_per_gather to 8;
2017-01-27 23:13:40 EET ERROR:  unrecognized configuration parameter "max_parallel_worker_per_gather"
2017-01-27 23:13:40 EET STATEMENT:  set max_parallel_worker_per_gather=8;
2017-01-27 23:15:44 EET ERROR:  canceling statement due to user request
2017-01-27 23:15:44 EET STATEMENT:  create index m12 on alicante_1y(t,customer);
2017-01-27 23:55:44 EET ERROR:  relation "alicante_1y_παρεντ" does not exist at character 84
2017-01-27 23:55:44 EET STATEMENT:  select customer ,date_part('month', t), date_part('year', t),sum(consumption)
	from alicante_1y_παρεντ
	group by customer, date_part('year', t), date_part('month', t);
	
2017-01-28 00:13:37 EET LOG:  could not receive data from client: An existing connection was forcibly closed by the remote host.
	
2017-01-28 00:13:37 EET LOG:  could not receive data from client: An existing connection was forcibly closed by the remote host.
	
2017-01-28 00:13:37 EET LOG:  could not receive data from client: An existing connection was forcibly closed by the remote host.
	
2017-01-28 00:13:37 EET LOG:  could not receive data from client: An existing connection was forcibly closed by the remote host.
	
